  AlienRing.cpp
  AlienSphere.cpp
  AlienUFO.cpp
  Background.cpp
  CollisionManager.cpp
  Enemy.cpp
C:\Users\Will\OneDrive\Uni\Module 8\Galaga\SFMLFramework\Enemy.cpp(55,20): warning C4018: '<': signed/unsigned mismatch
  EnemyManager.cpp
C:\Users\Will\OneDrive\Uni\Module 8\Galaga\SFMLFramework\EnemyManager.cpp(69,20): warning C4018: '<': signed/unsigned mismatch
C:\Users\Will\OneDrive\Uni\Module 8\Galaga\SFMLFramework\EnemyManager.cpp(90,20): warning C4018: '<': signed/unsigned mismatch
C:\Users\Will\OneDrive\Uni\Module 8\Galaga\SFMLFramework\EnemyManager.cpp(477,20): warning C4018: '<': signed/unsigned mismatch
  FileManager.cpp
  Game.cpp
  GameSound.cpp
  GameSprite.cpp
  GameText.cpp
  Helpers.cpp
  InputManager.cpp
  Main.cpp
  MissilePool.cpp
  ProjectilePool.cpp
  Missile.cpp
  MoveableGameSprite.cpp
  Player.cpp
  Compiling...
  Projectile.cpp
  TextureManager.cpp
  Generating code
  1489 of 2097 functions (71.0%) were compiled, the rest were copied from previous compilation.
    309 functions were new in current compilation
    124 functions had inline decision re-evaluated but remain unchanged
  Finished generating code
  SFMLFramework.vcxproj -> C:\Users\Will\OneDrive\Uni\Module 8\Galaga\Release\SFMLFramework.exe
