c:\users\will\onedrive\uni\module 8\session 1\sfmlframework (1)\sfmlframework\sfmlframework\debug\vc142.pdb
c:\users\will\onedrive\uni\module 8\session 1\sfmlframework (1)\sfmlframework\sfmlframework\debug\vc142.idb
c:\users\will\onedrive\uni\module 8\session 1\sfmlframework (1)\sfmlframework\sfmlframework\debug\main.obj
c:\users\will\onedrive\uni\module 8\session 1\sfmlframework (1)\sfmlframework\sfmlframework\debug\gamesprite.obj
c:\users\will\onedrive\uni\module 8\session 1\sfmlframework (1)\sfmlframework\sfmlframework\debug\game.obj
c:\users\will\onedrive\uni\module 8\galaga\sfmlframework\debug\vc142.pdb
c:\users\will\onedrive\uni\module 8\galaga\sfmlframework\debug\vc142.idb
c:\users\will\onedrive\uni\module 8\galaga\sfmlframework\debug\player.obj
c:\users\will\onedrive\uni\module 8\galaga\sfmlframework\debug\inputmanager.obj
c:\users\will\onedrive\uni\module 8\galaga\sfmlframework\debug\game.obj
c:\users\will\onedrive\uni\module 8\galaga\sfmlframework\debug\gamesprite.obj
c:\users\will\onedrive\uni\module 8\galaga\sfmlframework\debug\main.obj
c:\users\will\onedrive\uni\module 8\galaga\sfmlframework\debug\helpers.obj
c:\users\will\onedrive\uni\module 8\galaga\sfmlframework\debug\missilemanager.obj
c:\users\will\onedrive\uni\module 8\galaga\sfmlframework\debug\missle.obj
c:\users\will\onedrive\uni\module 8\galaga\sfmlframework\debug\missile.obj
c:\users\will\onedrive\uni\module 8\galaga\sfmlframework\debug\gametext.obj
c:\users\will\onedrive\uni\module 8\galaga\sfmlframework\debug\moveablegamesprite.obj
c:\users\will\onedrive\uni\module 8\galaga\sfmlframework\debug\projectile.obj
c:\users\will\onedrive\uni\module 8\galaga\sfmlframework\debug\projectilepool.obj
c:\users\will\onedrive\uni\module 8\galaga\sfmlframework\debug\missilepool.obj
c:\users\will\onedrive\uni\module 8\galaga\sfmlframework\debug\enemy.obj
c:\users\will\onedrive\uni\module 8\galaga\sfmlframework\debug\enemymanager.obj
c:\users\will\onedrive\uni\module 8\session 1\sfmlframework (1)\sfmlframework\debug\sfmlframework.exe
c:\users\will\onedrive\uni\module 8\session 1\sfmlframework (1)\sfmlframework\sfmlframework\debug\sfmlframework.ilk
c:\users\will\onedrive\uni\module 8\session 1\sfmlframework (1)\sfmlframework\debug\sfmlframework.pdb
c:\users\will\onedrive\uni\module 8\galaga\debug\sfmlframework.exe
c:\users\will\onedrive\uni\module 8\galaga\sfmlframework\debug\sfmlframework.ilk
c:\users\will\onedrive\uni\module 8\galaga\debug\sfmlframework.pdb
c:\users\will\onedrive\uni\module 8\galaga\sfmlframework\debug\settings.obj
c:\users\will\onedrive\uni\module 8\galaga\sfmlframework\debug\enemymanager.obj.enc
c:\users\will\onedrive\uni\module 8\galaga\sfmlframework\debug\game.obj.enc
c:\users\will\onedrive\uni\module 8\galaga\sfmlframework\debug\sfmlframework.tlog\cl.command.1.tlog
c:\users\will\onedrive\uni\module 8\galaga\sfmlframework\debug\sfmlframework.tlog\cl.read.1.tlog
c:\users\will\onedrive\uni\module 8\galaga\sfmlframework\debug\sfmlframework.tlog\cl.write.1.tlog
c:\users\will\onedrive\uni\module 8\galaga\sfmlframework\debug\sfmlframework.tlog\link.command.1.tlog
c:\users\will\onedrive\uni\module 8\galaga\sfmlframework\debug\sfmlframework.tlog\link.read.1.tlog
c:\users\will\onedrive\uni\module 8\galaga\sfmlframework\debug\sfmlframework.tlog\link.write.1.tlog
